1620558616891	geckodriver	INFO	Listening on 127.0.0.1:61017
1620558619975	mozrunner::runner	INFO	Running command: "C:\\Program Files\\Mozilla Firefox\\firefox.exe" "--marionette" "--disable-infobars" "--disable-extensions" "-foreground" "-no-remote" "-profile" "C:\\Users\\gaura\\AppData\\Local\\Temp\\rust_mozprofileM0MsQQ"
Can't find symbol 'eglSwapBuffersWithDamageEXT'.
Can't find symbol 'eglSetDamageRegionKHR'.
console.warn: SearchSettings: "get: No settings file exists, new profile?" (new Error("", "(unknown module)"))
1620558622038	Marionette	INFO	Listening on port 61028
1620558622150	Marionette	WARN	TLS certificate errors will be ignored for this session
Can't find symbol 'eglSwapBuffersWithDamageEXT'.
Can't find symbol 'eglSetDamageRegionKHR'.
1620558627489	Marionette	INFO	Stopped listening on port 61028

###!!! [Child][RunMessage] Error: Channel closing: too late to send/recv, messages will be lost

1620558860267	geckodriver	INFO	Listening on 127.0.0.1:61678
1620558863352	mozrunner::runner	INFO	Running command: "C:\\Program Files\\Mozilla Firefox\\firefox.exe" "--marionette" "--disable-infobars" "--disable-extensions" "-foreground" "-no-remote" "-profile" "C:\\Users\\gaura\\AppData\\Local\\Temp\\rust_mozprofileiUXXIO"
Can't find symbol 'eglSwapBuffersWithDamageEXT'.
Can't find symbol 'eglSetDamageRegionKHR'.
console.warn: SearchSettings: "get: No settings file exists, new profile?" (new Error("", "(unknown module)"))
1620558865096	Marionette	INFO	Listening on port 61688
1620558865390	Marionette	WARN	TLS certificate errors will be ignored for this session
Can't find symbol 'eglSwapBuffersWithDamageEXT'.
Can't find symbol 'eglSetDamageRegionKHR'.
console.log: WebExtensions: reset-default-search: No addons in our list are installed.
1620559748452	geckodriver	INFO	Listening on 127.0.0.1:63413
1620559751529	mozrunner::runner	INFO	Running command: "C:\\Program Files\\Mozilla Firefox\\firefox.exe" "--marionette" "--disable-infobars" "--disable-extensions" "-foreground" "-no-remote" "-profile" "C:\\Users\\gaura\\AppData\\Local\\Temp\\rust_mozprofilevjJbjp"
Can't find symbol 'eglSwapBuffersWithDamageEXT'.
Can't find symbol 'eglSetDamageRegionKHR'.
console.warn: SearchSettings: "get: No settings file exists, new profile?" (new Error("", "(unknown module)"))
1620559753392	Marionette	INFO	Listening on port 63423
1620559753555	Marionette	WARN	TLS certificate errors will be ignored for this session
Can't find symbol 'eglSwapBuffersWithDamageEXT'.
Can't find symbol 'eglSetDamageRegionKHR'.
1620559755657	Marionette	INFO	Stopped listening on port 63423

###!!! [Child][RunMessage] Error: Channel closing: too late to send/recv, messages will be lost

1620559834113	geckodriver	INFO	Listening on 127.0.0.1:63576
1620559837192	mozrunner::runner	INFO	Running command: "C:\\Program Files\\Mozilla Firefox\\firefox.exe" "--marionette" "--disable-infobars" "--disable-extensions" "-foreground" "-no-remote" "-profile" "C:\\Users\\gaura\\AppData\\Local\\Temp\\rust_mozprofilejB0XSJ"
Can't find symbol 'eglSwapBuffersWithDamageEXT'.
Can't find symbol 'eglSetDamageRegionKHR'.
console.warn: SearchSettings: "get: No settings file exists, new profile?" (new Error("", "(unknown module)"))
1620559838969	Marionette	INFO	Listening on port 63584
1620559839245	Marionette	WARN	TLS certificate errors will be ignored for this session
Can't find symbol 'eglSwapBuffersWithDamageEXT'.
Can't find symbol 'eglSetDamageRegionKHR'.
1620559845124	Marionette	INFO	Stopped listening on port 63584

###!!! [Child][RunMessage] Error: Channel closing: too late to send/recv, messages will be lost

1620559953038	geckodriver	INFO	Listening on 127.0.0.1:63789
1620559956096	mozrunner::runner	INFO	Running command: "C:\\Program Files\\Mozilla Firefox\\firefox.exe" "--marionette" "--disable-infobars" "--disable-extensions" "-foreground" "-no-remote" "-profile" "C:\\Users\\gaura\\AppData\\Local\\Temp\\rust_mozprofileNVfzpJ"
Can't find symbol 'eglSwapBuffersWithDamageEXT'.
Can't find symbol 'eglSetDamageRegionKHR'.
console.warn: SearchSettings: "get: No settings file exists, new profile?" (new Error("", "(unknown module)"))
1620559957888	Marionette	INFO	Listening on port 63799
1620559958131	Marionette	WARN	TLS certificate errors will be ignored for this session
1620559982100	Marionette	INFO	Stopped listening on port 63799

###!!! [Child][RunMessage] Error: Channel closing: too late to send/recv, messages will be lost

1620560099238	geckodriver	INFO	Listening on 127.0.0.1:64199
1620560102325	mozrunner::runner	INFO	Running command: "C:\\Program Files\\Mozilla Firefox\\firefox.exe" "--marionette" "--disable-infobars" "--disable-extensions" "-foreground" "-no-remote" "-profile" "C:\\Users\\gaura\\AppData\\Local\\Temp\\rust_mozprofileglxHEs"
Can't find symbol 'eglSwapBuffersWithDamageEXT'.
Can't find symbol 'eglSetDamageRegionKHR'.
console.warn: SearchSettings: "get: No settings file exists, new profile?" (new Error("", "(unknown module)"))
1620560104141	Marionette	INFO	Listening on port 64209
1620560104387	Marionette	WARN	TLS certificate errors will be ignored for this session
1620560113301	Marionette	INFO	Stopped listening on port 64209

###!!! [Child][RunMessage] Error: Channel closing: too late to send/recv, messages will be lost

1620560929660	geckodriver	INFO	Listening on 127.0.0.1:65092
1620560932738	mozrunner::runner	INFO	Running command: "C:\\Program Files\\Mozilla Firefox\\firefox.exe" "--marionette" "--disable-infobars" "--disable-extensions" "-foreground" "-no-remote" "-profile" "C:\\Users\\gaura\\AppData\\Local\\Temp\\rust_mozprofileUHWEVr"
Can't find symbol 'eglSwapBuffersWithDamageEXT'.
Can't find symbol 'eglSetDamageRegionKHR'.
console.warn: SearchSettings: "get: No settings file exists, new profile?" (new Error("", "(unknown module)"))
1620560936258	Marionette	INFO	Listening on port 65103
1620560936464	Marionette	WARN	TLS certificate errors will be ignored for this session
1620560938462	Marionette	INFO	Stopped listening on port 65103

###!!! [Child][RunMessage] Error: Channel closing: too late to send/recv, messages will be lost

1620561041274	geckodriver	INFO	Listening on 127.0.0.1:65285
1620561044346	mozrunner::runner	INFO	Running command: "C:\\Program Files\\Mozilla Firefox\\firefox.exe" "--marionette" "--disable-infobars" "--disable-extensions" "-foreground" "-no-remote" "-profile" "C:\\Users\\gaura\\AppData\\Local\\Temp\\rust_mozprofile2M49kb"
Can't find symbol 'eglSwapBuffersWithDamageEXT'.
Can't find symbol 'eglSetDamageRegionKHR'.
console.warn: SearchSettings: "get: No settings file exists, new profile?" (new Error("", "(unknown module)"))
1620561048187	Marionette	INFO	Listening on port 65295
1620561048571	Marionette	WARN	TLS certificate errors will be ignored for this session
1620561049743	Marionette	INFO	Stopped listening on port 65295

###!!! [Child][RunMessage] Error: Channel closing: too late to send/recv, messages will be lost

1620561138806	geckodriver	INFO	Listening on 127.0.0.1:65443
1620561141884	mozrunner::runner	INFO	Running command: "C:\\Program Files\\Mozilla Firefox\\firefox.exe" "--marionette" "--disable-infobars" "--disable-extensions" "-foreground" "-no-remote" "-profile" "C:\\Users\\gaura\\AppData\\Local\\Temp\\rust_mozprofileWxhpCk"
Can't find symbol 'eglSwapBuffersWithDamageEXT'.
Can't find symbol 'eglSetDamageRegionKHR'.
console.warn: SearchSettings: "get: No settings file exists, new profile?" (new Error("", "(unknown module)"))
1620561145465	Marionette	INFO	Listening on port 65454
1620561145644	Marionette	WARN	TLS certificate errors will be ignored for this session
1620561160769	Marionette	INFO	Stopped listening on port 65454

###!!! [Child][RunMessage] Error: Channel closing: too late to send/recv, messages will be lost

1620561173992	geckodriver	INFO	Listening on 127.0.0.1:65530
1620561177075	mozrunner::runner	INFO	Running command: "C:\\Program Files\\Mozilla Firefox\\firefox.exe" "--marionette" "--disable-infobars" "--disable-extensions" "-foreground" "-no-remote" "-profile" "C:\\Users\\gaura\\AppData\\Local\\Temp\\rust_mozprofile4LOCTQ"
Can't find symbol 'eglSwapBuffersWithDamageEXT'.
Can't find symbol 'eglSetDamageRegionKHR'.
console.warn: SearchSettings: "get: No settings file exists, new profile?" (new Error("", "(unknown module)"))
1620561180660	Marionette	INFO	Listening on port 49157
1620561180817	Marionette	WARN	TLS certificate errors will be ignored for this session
console.log: WebExtensions: reset-default-search: No addons in our list are installed.
JavaScript error: , line 0: NS_ERROR_NOT_AVAILABLE
1:50178
1620561916922	mozrunner::runner	INFO	Running command: "C:\\Program Files\\Mozilla Firefox\\firefox.exe" "--marionette" "--disable-infobars" "--disable-extensions" "-foreground" "-no-remote" "-profile" "C:\\Users\\gaura\\AppData\\Local\\Temp\\rust_mozprofilecyKMi0"
Can't find symbol 'eglSwapBuffersWithDamageEXT'.
Can't find symbol 'eglSetDamageRegionKHR'.
console.warn: SearchSettings: "get: No settings file exists, new profile?" (new Error("", "(unknown module)"))
1620561920937	Marionette	INFO	Listening on port 50192
1620561921117	Marionette	WARN	TLS certificate errors will be ignored for this session
JavaScript error: resource://activity-stream/lib/ASRouter.jsm, line 987: NS_ERROR_ILLEGAL_VALUE: Component returned failure code: 0x80070057 (NS_ERROR_ILLEGAL_VALUE) [nsIObserverService.removeObserver]
1620561921572	Marionette	INFO	Stopped listening on port 50192

###!!! [Child][RunMessage] Error: Channel closing: too late to send/recv, messages will be lost

1620562073735	geckodriver	INFO	Listening on 127.0.0.1:50435
1620562076830	mozrunner::runner	INFO	Running command: "C:\\Program Files\\Mozilla Firefox\\firefox.exe" "--marionette" "--disable-infobars" "--disable-extensions" "-foreground" "-no-remote" "-profile" "C:\\Users\\gaura\\AppData\\Local\\Temp\\rust_mozprofileaVmiv2"
Can't find symbol 'eglSwapBuffersWithDamageEXT'.
Can't find symbol 'eglSetDamageRegionKHR'.
console.warn: SearchSettings: "get: No settings file exists, new profile?" (new Error("", "(unknown module)"))
1620562080763	Marionette	INFO	Listening on port 50443
1620562081109	Marionette	WARN	TLS certificate errors will be ignored for this session
1620562097593	Marionette	INFO	Stopped listening on port 50443

###!!! [Child][RunMessage] Error: Channel closing: too late to send/recv, messages will be lost

1620562327495	geckodriver	INFO	Listening on 127.0.0.1:51064
1620562330601	mozrunner::runner	INFO	Running command: "C:\\Program Files\\Mozilla Firefox\\firefox.exe" "--marionette" "--disable-infobars" "--disable-extensions" "-foreground" "-no-remote" "-profile" "C:\\Users\\gaura\\AppData\\Local\\Temp\\rust_mozprofileUOs1xw"
Can't find symbol 'eglSwapBuffersWithDamageEXT'.
Can't find symbol 'eglSetDamageRegionKHR'.
console.warn: SearchSettings: "get: No settings file exists, new profile?" (new Error("", "(unknown module)"))
1620562334059	Marionette	INFO	Listening on port 51075
1620562334336	Marionette	WARN	TLS certificate errors will be ignored for this session
JavaScript error: resource://activity-stream/lib/ASRouter.jsm, line 987: NS_ERROR_ILLEGAL_VALUE: Component returned failure code: 0x80070057 (NS_ERROR_ILLEGAL_VALUE) [nsIObserverService.removeObserver]
1620562334859	Marionette	INFO	Stopped listening on port 51075

###!!! [Child][RunMessage] Error: Channel closing: too late to send/recv, messages will be lost

1620562432041	geckodriver	INFO	Listening on 127.0.0.1:51338
1620562435159	mozrunner::runner	INFO	Running command: "C:\\Program Files\\Mozilla Firefox\\firefox.exe" "--marionette" "--disable-infobars" "--disable-extensions" "-foreground" "-no-remote" "-profile" "C:\\Users\\gaura\\AppData\\Local\\Temp\\rust_mozprofileuCUUmg"
Can't find symbol 'eglSwapBuffersWithDamageEXT'.
Can't find symbol 'eglSetDamageRegionKHR'.
console.warn: SearchSettings: "get: No settings file exists, new profile?" (new Error("", "(unknown module)"))
1620562439655	Marionette	INFO	Listening on port 51348
JavaScript error: resource://activity-stream/lib/ASRouter.jsm, line 987: NS_ERROR_ILLEGAL_VALUE: Component returned failure code: 0x80070057 (NS_ERROR_ILLEGAL_VALUE) [nsIObserverService.removeObserver]
console.error: Region.jsm: "Error fetching region" (new TypeError("NetworkError when attempting to fetch resource.", ""))
console.error: Region.jsm: "Failed to fetch region" (new Error("NO_RESULT", "resource://gre/modules/Region.jsm", 376))
console.error: services.settings: 
  main/message-groups Signature failed  TypeError: NetworkError when attempting to fetch resource.
1620562440184	Marionette	INFO	Stopped listening on port 51348

###!!! [Child][RunMessage] Error: Channel closing: too late to send/recv, messages will be lost

1620565198506	geckodriver	INFO	Listening on 127.0.0.1:55793
1620565201538	mozrunner::runner	INFO	Running command: "C:\\Program Files\\Mozilla Firefox\\firefox.exe" "--marionette" "--disable-infobars" "--disable-extensions" "-foreground" "-no-remote" "-profile" "C:\\Users\\gaura\\AppData\\Local\\Temp\\rust_mozprofilelZR4Lm"
Can't find symbol 'eglSwapBuffersWithDamageEXT'.
Can't find symbol 'eglSetDamageRegionKHR'.
console.warn: SearchSettings: "get: No settings file exists, new profile?" (new Error("", "(unknown module)"))
1620565203477	Marionette	INFO	Listening on port 55804
1620565203591	Marionette	WARN	TLS certificate errors will be ignored for this session
Can't find symbol 'eglSwapBuffersWithDamageEXT'.
Can't find symbol 'eglSetDamageRegionKHR'.
Can't find symbol 'eglSwapBuffersWithDamageEXT'.
Can't find symbol 'eglSetDamageRegionKHR'.
console.log: WebExtensions: reset-default-search: No addons in our list are installed.
ner	INFO	Running command: "C:\\Program Files\\Mozilla Firefox\\firefox.exe" "--marionette" "--disable-infobars" "--disable-extensions" "-foreground" "-no-remote" "-profile" "C:\\Users\\gaura\\AppData\\Local\\Temp\\rust_mozprofilevbktC4"
Can't find symbol 'eglSwapBuffersWithDamageEXT'.
Can't find symbol 'eglSetDamageRegionKHR'.
console.warn: SearchSettings: "get: No settings file exists, new profile?" (new Error("", "(unknown module)"))
1620565276997	Marionette	INFO	Listening on port 55984
1620565277268	Marionette	WARN	TLS certificate errors will be ignored for this session
Can't find symbol 'eglSwapBuffersWithDamageEXT'.
Can't find symbol 'eglSetDamageRegionKHR'.
Can't find symbol 'eglSwapBuffersWithDamageEXT'.
Can't find symbol 'eglSetDamageRegionKHR'.
console.log: WebExtensions: reset-default-search: No addons in our list are installed.
ner	INFO	Running command: "C:\\Program Files\\Mozilla Firefox\\firefox.exe" "--marionette" "--disable-infobars" "--disable-extensions" "-foreground" "-no-remote" "-profile" "C:\\Users\\gaura\\AppData\\Local\\Temp\\rust_mozprofileutGkzG"
Can't find symbol 'eglSwapBuffersWithDamageEXT'.
Can't find symbol 'eglSetDamageRegionKHR'.
console.warn: SearchSettings: "get: No settings file exists, new profile?" (new Error("", "(unknown module)"))
1620565471322	Marionette	INFO	Listening on port 56336
1620565471577	Marionette	WARN	TLS certificate errors will be ignored for this session
Can't find symbol 'eglSwapBuffersWithDamageEXT'.
Can't find symbol 'eglSetDamageRegionKHR'.
console.log: WebExtensions: reset-default-search: No addons in our list are installed.
ner	INFO	Running command: "C:\\Program Files\\Mozilla Firefox\\firefox.exe" "--marionette" "--disable-infobars" "--disable-extensions" "-foreground" "-no-remote" "-profile" "C:\\Users\\gaura\\AppData\\Local\\Temp\\rust_mozprofileOxQofZ"
Can't find symbol 'eglSwapBuffersWithDamageEXT'.
Can't find symbol 'eglSetDamageRegionKHR'.
console.warn: SearchSettings: "get: No settings file exists, new profile?" (new Error("", "(unknown module)"))
1620565507841	Marionette	INFO	Listening on port 56447
1620565507976	Marionette	WARN	TLS certificate errors will be ignored for this session
Can't find symbol 'eglSwapBuffersWithDamageEXT'.
Can't find symbol 'eglSetDamageRegionKHR'.
Can't find symbol 'eglSwapBuffersWithDamageEXT'.
Can't find symbol 'eglSetDamageRegionKHR'.
console.log: WebExtensions: reset-default-search: No addons in our list are installed.
ner	INFO	Running command: "C:\\Program Files\\Mozilla Firefox\\firefox.exe" "--marionette" "--disable-infobars" "--disable-extensions" "-foreground" "-no-remote" "-profile" "C:\\Users\\gaura\\AppData\\Local\\Temp\\rust_mozprofileA6ZjzU"
Can't find symbol 'eglSwapBuffersWithDamageEXT'.
Can't find symbol 'eglSetDamageRegionKHR'.
console.warn: SearchSettings: "get: No settings file exists, new profile?" (new Error("", "(unknown module)"))
1620565911374	Marionette	INFO	Listening on port 56886
1620565911427	Marionette	WARN	TLS certificate errors will be ignored for this session
Can't find symbol 'eglSwapBuffersWithDamageEXT'.
Can't find symbol 'eglSetDamageRegionKHR'.
1620565913512	Marionette	INFO	Stopped listening on port 56886

###!!! [Child][RunMessage] Error: Channel closing: too late to send/recv, messages will be lost

1620566255881	geckodriver	INFO	Listening on 127.0.0.1:57275
1620566258958	mozrunner::runner	INFO	Running command: "C:\\Program Files\\Mozilla Firefox\\firefox.exe" "--marionette" "--disable-infobars" "--disable-extensions" "-foreground" "-no-remote" "-profile" "C:\\Users\\gaura\\AppData\\Local\\Temp\\rust_mozprofileLQ6VrD"
Can't find symbol 'eglSwapBuffersWithDamageEXT'.
Can't find symbol 'eglSetDamageRegionKHR'.
console.warn: SearchSettings: "get: No settings file exists, new profile?" (new Error("", "(unknown module)"))
1620566260936	Marionette	INFO	Listening on port 57285
1620566261024	Marionette	WARN	TLS certificate errors will be ignored for this session
Can't find symbol 'eglSwapBuffersWithDamageEXT'.
Can't find symbol 'eglSetDamageRegionKHR'.
Can't find symbol 'eglSwapBuffersWithDamageEXT'.
Can't find symbol 'eglSetDamageRegionKHR'.
console.log: WebExtensions: reset-default-search: No addons in our list are installed.
